Using pre-set license
Built from '2020.3/staging' branch; Version is '2020.3.4f1 (0abb6314276a) revision 703331'; Using compiler version '192528614'; Build Type 'Release'
OS: 'Windows 10 Enterprise; OS build 19043.1052; Version 2009; 64bit' Language: 'en' Physical Memory: 12187 MB
BatchMode: 1, IsHumanControllingUs: 0, StartBugReporterOnCrash: 0, Is64bit: 1, IsPro: 0

 COMMAND LINE ARGUMENTS:
C:\Program Files\Unity\Hub\Editor\2020.3.4f1\Editor\Unity.exe
-adb2
-batchMode
-noUpm
-name
AssetImportWorker0
-projectPath
D:/Master/mabahese vije/VR2
-logFile
Logs/AssetImportWorker0.log
-srvPort
64670
Successfully changed project path to: D:/Master/mabahese vije/VR2
D:/Master/mabahese vije/VR2
Using Asset Import Pipeline V2.
Refreshing native plugins compatible for Editor in 259.93 ms, found 3 plugins.
Preloading 0 native plugins for Editor in 0.00 ms.
Initialize engine version: 2020.3.4f1 (0abb6314276a)
[Subsystems] Discovering subsystems at path C:/Program Files/Unity/Hub/Editor/2020.3.4f1/Editor/Data/Resources/UnitySubsystems
[Subsystems] Discovering subsystems at path D:/Master/mabahese vije/VR2/Assets
GfxDevice: creating device client; threaded=0
Direct3D:
    Version:  Direct3D 11.0 [level 11.1]
    Renderer: AMD Radeon (TM) R5 M320 (ID=0x6665)
    Vendor:   
    VRAM:     2039 MB
    Driver:   27.20.1034.6
Initialize mono
Mono path[0] = 'C:/Program Files/Unity/Hub/Editor/2020.3.4f1/Editor/Data/Managed'
Mono path[1] = 'C:/Program Files/Unity/Hub/Editor/2020.3.4f1/Editor/Data/MonoBleedingEdge/lib/mono/unityjit'
Mono config path = 'C:/Program Files/Unity/Hub/Editor/2020.3.4f1/Editor/Data/MonoBleedingEdge/etc'
Using monoOptions --debugger-agent=transport=dt_socket,embedding=1,server=y,suspend=n,address=127.0.0.1:56060
Begin MonoManager ReloadAssembly
Registering precompiled unity dll's ...
Register platform support module: C:/Program Files/Unity/Hub/Editor/2020.3.4f1/Editor/Data/PlaybackEngines/WindowsStandaloneSupport/UnityEditor.WindowsStandalone.Extensions.dll
Registered in 0.041110 seconds.
Native extension for WindowsStandalone target not found
Refreshing native plugins compatible for Editor in 61.32 ms, found 3 plugins.
Preloading 0 native plugins for Editor in 0.00 ms.
Mono: successfully reloaded assembly
- Completed reload, in  3.230 seconds
Platform modules already initialized, skipping
Registering precompiled user dll's ...
Registered in 0.041043 seconds.
Begin MonoManager ReloadAssembly
Native extension for WindowsStandalone target not found
Refreshing native plugins compatible for Editor in 0.55 ms, found 3 plugins.
Preloading 0 native plugins for Editor in 0.00 ms.
Mono: successfully reloaded assembly
- Completed reload, in  2.271 seconds
Platform modules already initialized, skipping
========================================================================
Worker process is ready to serve import requests
Launched and connected shader compiler UnityShaderCompiler.exe after 0.10 seconds
Refreshing native plugins compatible for Editor in 1.08 ms, found 3 plugins.
Preloading 0 native plugins for Editor in 0.00 ms.
Unloading 1445 Unused Serialized files (Serialized files now loaded: 0)
System memory in use before: 72.3 MB.
System memory in use after: 72.4 MB.

Unloading 12 unused Assets to reduce memory usage. Loaded Objects now: 1901.
Total: 3.711700 ms (FindLiveObjects: 0.263700 ms CreateObjectMapping: 0.185200 ms MarkObjects: 3.158200 ms  DeleteObjects: 0.102800 ms)

========================================================================
Received Import Request.
  path: Assets/Texture/2k_mercury.jpg
  artifactKey: Guid(b82891546c2e4c24095ce204e96f2df3) Importer(815301076,1909f56bfc062723c751e8b465ee728b)
Start importing Assets/Texture/2k_mercury.jpg using Guid(b82891546c2e4c24095ce204e96f2df3) Importer(815301076,1909f56bfc062723c751e8b465ee728b)  -> (artifact id: 'f5ffa7176afe2d4345cf571b8345254c') in 0.135416 seconds
  Import took 0.140016 seconds .

========================================================================
Received Import Request.
  Time since last request: 0.000412 seconds.
  path: Assets/Texture/2k_mars.jpg
  artifactKey: Guid(11a5ba1b69246e240aa0e92c7a0a7760) Importer(815301076,1909f56bfc062723c751e8b465ee728b)
Start importing Assets/Texture/2k_mars.jpg using Guid(11a5ba1b69246e240aa0e92c7a0a7760) Importer(815301076,1909f56bfc062723c751e8b465ee728b)  -> (artifact id: '09d1e9d1603146ae3273b02b42b58207') in 0.024376 seconds
  Import took 0.029535 seconds .

========================================================================
Received Import Request.
  Time since last request: 0.000316 seconds.
  path: Assets/Texture/2k_saturn.jpg
  artifactKey: Guid(89a9162421e8b6c48bcf853d032012fd) Importer(815301076,1909f56bfc062723c751e8b465ee728b)
Start importing Assets/Texture/2k_saturn.jpg using Guid(89a9162421e8b6c48bcf853d032012fd) Importer(815301076,1909f56bfc062723c751e8b465ee728b)  -> (artifact id: '9ca34a9fe7aa66c2ff73c12172c44097') in 0.040822 seconds
  Import took 0.047702 seconds .

========================================================================
Received Import Request.
  Time since last request: 0.000330 seconds.
  path: Assets/Texture/sky-box-back.png
  artifactKey: Guid(a6e17d98c1aa5b245b603792eae084eb) Importer(815301076,1909f56bfc062723c751e8b465ee728b)
Start importing Assets/Texture/sky-box-back.png using Guid(a6e17d98c1aa5b245b603792eae084eb) Importer(815301076,1909f56bfc062723c751e8b465ee728b)  -> (artifact id: 'a4b62fc8d10b090328a27081e5ee1e1d') in 0.056523 seconds
  Import took 0.072944 seconds .

========================================================================
Received Import Request.
  Time since last request: 0.000290 seconds.
  path: Assets/Texture/texture/venus.png
  artifactKey: Guid(f5490020ff1bb9241a97ac6523c89d0f) Importer(815301076,1909f56bfc062723c751e8b465ee728b)
Start importing Assets/Texture/texture/venus.png using Guid(f5490020ff1bb9241a97ac6523c89d0f) Importer(815301076,1909f56bfc062723c751e8b465ee728b)  -> (artifact id: '84834035be76ffc8413f4f0dbfdf7f02') in 0.175630 seconds
  Import took 0.179499 seconds .

========================================================================
Received Import Request.
  Time since last request: 0.000298 seconds.
  path: Assets/Texture/texture/ffd.png
  artifactKey: Guid(549214f6dee29664389899e1c94b3735) Importer(815301076,1909f56bfc062723c751e8b465ee728b)
Start importing Assets/Texture/texture/ffd.png using Guid(549214f6dee29664389899e1c94b3735) Importer(815301076,1909f56bfc062723c751e8b465ee728b)  -> (artifact id: '156cbd8ea379cd3a80781acb8098a463') in 0.031306 seconds
  Import took 0.036286 seconds .

========================================================================
Received Import Request.
  Time since last request: 0.000367 seconds.
  path: Assets/Texture
  artifactKey: Guid(361e77a22f8a38d43913f4646f82635b) Importer(815301076,1909f56bfc062723c751e8b465ee728b)
Start importing Assets/Texture using Guid(361e77a22f8a38d43913f4646f82635b) Importer(815301076,1909f56bfc062723c751e8b465ee728b)  -> (artifact id: '07f2d5a38954fd8e00f535ad41352e8b') in 0.013388 seconds
  Import took 0.018059 seconds .

========================================================================
Received Import Request.
  Time since last request: 0.000378 seconds.
  path: Assets/Texture/texture/merycury.png
  artifactKey: Guid(08055fe1366362e47b6b7e75864d9993) Importer(815301076,1909f56bfc062723c751e8b465ee728b)
Start importing Assets/Texture/texture/merycury.png using Guid(08055fe1366362e47b6b7e75864d9993) Importer(815301076,1909f56bfc062723c751e8b465ee728b)  -> (artifact id: 'e60db033caa0a7421303e614dd8cd919') in 0.054036 seconds
  Import took 0.059190 seconds .

========================================================================
Received Import Request.
  Time since last request: 0.000258 seconds.
  path: Assets/Texture/earth.jpg
  artifactKey: Guid(40214045c3d401447aaf2868508da88b) Importer(815301076,1909f56bfc062723c751e8b465ee728b)
Start importing Assets/Texture/earth.jpg using Guid(40214045c3d401447aaf2868508da88b) Importer(815301076,1909f56bfc062723c751e8b465ee728b)  -> (artifact id: '2f04741d83f7fddda4d435ae1e195dfd') in 0.034231 seconds
  Import took 0.039570 seconds .

========================================================================
Received Import Request.
  Time since last request: 0.000321 seconds.
  path: Assets/Texture/2k_uranus.jpg
  artifactKey: Guid(e94265717641f20498a547aa113edc5c) Importer(815301076,1909f56bfc062723c751e8b465ee728b)
Start importing Assets/Texture/2k_uranus.jpg using Guid(e94265717641f20498a547aa113edc5c) Importer(815301076,1909f56bfc062723c751e8b465ee728b)  -> (artifact id: '36008294594e748d36da28f7e2e17da3') in 0.021400 seconds
  Import took 0.026264 seconds .

========================================================================
Received Import Request.
  Time since last request: 0.000304 seconds.
  path: Assets/Texture/sky-box-front.png
  artifactKey: Guid(a34e9228274a53743b246eccad7607b1) Importer(815301076,1909f56bfc062723c751e8b465ee728b)
Start importing Assets/Texture/sky-box-front.png using Guid(a34e9228274a53743b246eccad7607b1) Importer(815301076,1909f56bfc062723c751e8b465ee728b)  -> (artifact id: '17a410f183f90cb26eacbf0207880e6e') in 0.031905 seconds
  Import took 0.036313 seconds .

========================================================================
Received Import Request.
  Time since last request: 0.000293 seconds.
  path: Assets/Texture/texture/saturn.png
  artifactKey: Guid(3919a90b551bb0a4bb724438f15325d5) Importer(815301076,1909f56bfc062723c751e8b465ee728b)
Start importing Assets/Texture/texture/saturn.png using Guid(3919a90b551bb0a4bb724438f15325d5) Importer(815301076,1909f56bfc062723c751e8b465ee728b)  -> (artifact id: 'dcf7a1b7937eb44f5229e6cf5e196271') in 0.046156 seconds
  Import took 0.053014 seconds .

========================================================================
Received Import Request.
  Time since last request: 0.000384 seconds.
  path: Assets/Texture/texture/earth.png
  artifactKey: Guid(eecff9cacd9673f4eb59e19ccc1760b4) Importer(815301076,1909f56bfc062723c751e8b465ee728b)
Start importing Assets/Texture/texture/earth.png using Guid(eecff9cacd9673f4eb59e19ccc1760b4) Importer(815301076,1909f56bfc062723c751e8b465ee728b)  -> (artifact id: '4305cbd3ff0852ed2f8e580a1b7872fd') in 0.059434 seconds
  Import took 0.068669 seconds .

========================================================================
Received Import Request.
  Time since last request: 0.000310 seconds.
  path: Assets/Texture/2k_moon.jpg
  artifactKey: Guid(537f25262fb21824d8b8e9ca197fd08f) Importer(815301076,1909f56bfc062723c751e8b465ee728b)
Start importing Assets/Texture/2k_moon.jpg using Guid(537f25262fb21824d8b8e9ca197fd08f) Importer(815301076,1909f56bfc062723c751e8b465ee728b)  -> (artifact id: '4b71b6d715100396a2317d9edd6a0833') in 0.021300 seconds
  Import took 0.026097 seconds .

========================================================================
Received Import Request.
  Time since last request: 0.000243 seconds.
  path: Assets/Texture/texture/jupiter.png
  artifactKey: Guid(bc03a62eebef68e4aa865582323c9745) Importer(815301076,1909f56bfc062723c751e8b465ee728b)
Start importing Assets/Texture/texture/jupiter.png using Guid(bc03a62eebef68e4aa865582323c9745) Importer(815301076,1909f56bfc062723c751e8b465ee728b)  -> (artifact id: '721c6bd9ba9b08ca0c5c9b438e2bea07') in 0.036390 seconds
  Import took 0.039949 seconds .

========================================================================
Received Import Request.
  Time since last request: 0.000282 seconds.
  path: Assets/Texture/2k_jupiter.jpg
  artifactKey: Guid(54aaecba7c495c9499bfe8d1300274fe) Importer(815301076,1909f56bfc062723c751e8b465ee728b)
Start importing Assets/Texture/2k_jupiter.jpg using Guid(54aaecba7c495c9499bfe8d1300274fe) Importer(815301076,1909f56bfc062723c751e8b465ee728b)  -> (artifact id: '9fde6931714c2354c19a61e1618a42b2') in 0.403353 seconds
  Import took 0.408827 seconds .

========================================================================
Received Import Request.
  Time since last request: 0.000332 seconds.
  path: Assets/Texture/2k_venus_surface.jpg
  artifactKey: Guid(246a1a954025dfd4d819e80deeaeee3f) Importer(815301076,1909f56bfc062723c751e8b465ee728b)
Start importing Assets/Texture/2k_venus_surface.jpg using Guid(246a1a954025dfd4d819e80deeaeee3f) Importer(815301076,1909f56bfc062723c751e8b465ee728b)  -> (artifact id: 'b38a58358218e078825cef981ec365c2') in 0.027821 seconds
  Import took 0.032561 seconds .

========================================================================
Received Import Request.
  Time since last request: 0.000750 seconds.
  path: Assets/Texture/imgpsh_fullsize_anim.png
  artifactKey: Guid(c32e883c20768c74eb6fb3178ce3f8d9) Importer(815301076,1909f56bfc062723c751e8b465ee728b)
Start importing Assets/Texture/imgpsh_fullsize_anim.png using Guid(c32e883c20768c74eb6fb3178ce3f8d9) Importer(815301076,1909f56bfc062723c751e8b465ee728b)  -> (artifact id: '2d2b2f61964c58024a3824cb25704455') in 0.061510 seconds
  Import took 0.069130 seconds .

========================================================================
Received Import Request.
  Time since last request: 0.000401 seconds.
  path: Assets/Texture/sky-box-right.png
  artifactKey: Guid(ffdb7c1ff3c00ff4b944347d396b97d5) Importer(815301076,1909f56bfc062723c751e8b465ee728b)
Start importing Assets/Texture/sky-box-right.png using Guid(ffdb7c1ff3c00ff4b944347d396b97d5) Importer(815301076,1909f56bfc062723c751e8b465ee728b)  -> (artifact id: 'b951a0dd1df356661ef56187ea27f751') in 0.085173 seconds
  Import took 0.093686 seconds .

========================================================================
Received Import Request.
  Time since last request: 0.000303 seconds.
  path: Assets/Texture/texture/Untitled-1.psd
  artifactKey: Guid(5776da3e2e4beb546b250d28ec98d024) Importer(815301076,1909f56bfc062723c751e8b465ee728b)
Start importing Assets/Texture/texture/Untitled-1.psd using Guid(5776da3e2e4beb546b250d28ec98d024) Importer(815301076,1909f56bfc062723c751e8b465ee728b)  -> (artifact id: '0dc9b199ed7d4586307b15a5473991e9') in 1.027598 seconds
  Import took 1.031551 seconds .

========================================================================
Received Import Request.
  Time since last request: 0.000298 seconds.
  path: Assets/Texture/texture/neptune.png
  artifactKey: Guid(cb7947a4d68ecd1498a74b7f93c2047e) Importer(815301076,1909f56bfc062723c751e8b465ee728b)
Start importing Assets/Texture/texture/neptune.png using Guid(cb7947a4d68ecd1498a74b7f93c2047e) Importer(815301076,1909f56bfc062723c751e8b465ee728b)  -> (artifact id: '0174aeacdbc7066296b37ed5fdd14da5') in 0.027452 seconds
  Import took 0.031019 seconds .

========================================================================
Received Import Request.
  Time since last request: 0.000301 seconds.
  path: Assets/Texture/sky-box-bottom.png
  artifactKey: Guid(010b15f716b3a2242b377c45e4006f3f) Importer(815301076,1909f56bfc062723c751e8b465ee728b)
Start importing Assets/Texture/sky-box-bottom.png using Guid(010b15f716b3a2242b377c45e4006f3f) Importer(815301076,1909f56bfc062723c751e8b465ee728b)  -> (artifact id: '62cef7c9cbe6235dcbdfee830fa07115') in 0.029820 seconds
  Import took 0.034927 seconds .

========================================================================
Received Import Request.
  Time since last request: 0.000345 seconds.
  path: Assets/Texture/texture
  artifactKey: Guid(369c4fe6fd5d3844092933cf06bce818) Importer(815301076,1909f56bfc062723c751e8b465ee728b)
Start importing Assets/Texture/texture using Guid(369c4fe6fd5d3844092933cf06bce818) Importer(815301076,1909f56bfc062723c751e8b465ee728b)  -> (artifact id: '69e7302ae596ecc4a2b08ed8024d079a') in 0.267346 seconds
  Import took 0.272738 seconds .

========================================================================
Received Import Request.
  Time since last request: 0.000204 seconds.
  path: Assets/Texture/sun.jpg
  artifactKey: Guid(ee01b462c98d0294a8c5949c6100c42f) Importer(815301076,1909f56bfc062723c751e8b465ee728b)
Start importing Assets/Texture/sun.jpg using Guid(ee01b462c98d0294a8c5949c6100c42f) Importer(815301076,1909f56bfc062723c751e8b465ee728b)  -> (artifact id: 'e1e5777839c2a947fce786b0139aef50') in 0.020910 seconds
  Import took 0.025953 seconds .

========================================================================
Received Import Request.
  Time since last request: 0.000552 seconds.
  path: Assets/Texture/texture/uranus.png
  artifactKey: Guid(f81eec33cb3c4234ca872915004716f6) Importer(815301076,1909f56bfc062723c751e8b465ee728b)
Start importing Assets/Texture/texture/uranus.png using Guid(f81eec33cb3c4234ca872915004716f6) Importer(815301076,1909f56bfc062723c751e8b465ee728b)  -> (artifact id: 'c84188d47e109fb1f2b0497d6e208e8f') in 0.026363 seconds
  Import took 0.030451 seconds .

========================================================================
Received Import Request.
  Time since last request: 0.000251 seconds.
  path: Assets/Texture/texture/Mars.png
  artifactKey: Guid(4418bb846a47f5241bba38035e606de6) Importer(815301076,1909f56bfc062723c751e8b465ee728b)
Start importing Assets/Texture/texture/Mars.png using Guid(4418bb846a47f5241bba38035e606de6) Importer(815301076,1909f56bfc062723c751e8b465ee728b)  -> (artifact id: 'f4f32626b28268f4475e48c4ed133512') in 0.038255 seconds
  Import took 0.056749 seconds .

========================================================================
Received Import Request.
  Time since last request: 0.000360 seconds.
  path: Assets/Texture/slybox2.mat
  artifactKey: Guid(3bb2893840358f24dbc88a4604d347c3) Importer(815301076,1909f56bfc062723c751e8b465ee728b)
Start importing Assets/Texture/slybox2.mat using Guid(3bb2893840358f24dbc88a4604d347c3) Importer(815301076,1909f56bfc062723c751e8b465ee728b)  -> (artifact id: 'b552eb07038fb1a3f3caba5c9877b403') in 0.106927 seconds
  Import took 0.112386 seconds .

========================================================================
Received Import Request.
  Time since last request: 0.000280 seconds.
  path: Assets/Texture/sky-box-top.png
  artifactKey: Guid(5db18d1b86728ed45b9d8bb12a713104) Importer(815301076,1909f56bfc062723c751e8b465ee728b)
Start importing Assets/Texture/sky-box-top.png using Guid(5db18d1b86728ed45b9d8bb12a713104) Importer(815301076,1909f56bfc062723c751e8b465ee728b)  -> (artifact id: 'd5366d72267e84984cd4b6c779bbd6ef') in 0.024633 seconds
  Import took 0.028233 seconds .

========================================================================
Received Import Request.
  Time since last request: 0.000388 seconds.
  path: Assets/Texture/texture/UI.png
  artifactKey: Guid(d2ab9512d1d62e24490b0bba47f2d06b) Importer(815301076,1909f56bfc062723c751e8b465ee728b)
Start importing Assets/Texture/texture/UI.png using Guid(d2ab9512d1d62e24490b0bba47f2d06b) Importer(815301076,1909f56bfc062723c751e8b465ee728b)  -> (artifact id: '1dd3d3ec609953524c263f328693d956') in 0.045249 seconds
  Import took 0.050505 seconds .

========================================================================
Received Import Request.
  Time since last request: 0.000295 seconds.
  path: Assets/Texture/sky-box-left.png
  artifactKey: Guid(eeed9adda3771144dbab953e5575666f) Importer(815301076,1909f56bfc062723c751e8b465ee728b)
Start importing Assets/Texture/sky-box-left.png using Guid(eeed9adda3771144dbab953e5575666f) Importer(815301076,1909f56bfc062723c751e8b465ee728b)  -> (artifact id: 'efaf7fb296ca7d0d723f3f7d4038d2eb') in 0.037813 seconds
  Import took 0.050870 seconds .

========================================================================
Received Import Request.
  Time since last request: 0.000330 seconds.
  path: Assets/Texture/2k_neptune.jpg
  artifactKey: Guid(d72d21722be1857409e64d3953f90d39) Importer(815301076,1909f56bfc062723c751e8b465ee728b)
Start importing Assets/Texture/2k_neptune.jpg using Guid(d72d21722be1857409e64d3953f90d39) Importer(815301076,1909f56bfc062723c751e8b465ee728b)  -> (artifact id: 'da0f0c25b3abeb1b00e027b0590d52a1') in 0.033177 seconds
  Import took 0.042350 seconds .

========================================================================
Received Import Request.
  Time since last request: 79.147706 seconds.
  path: Assets
  artifactKey: Guid(00000000000000001000000000000000) Importer(815301076,1909f56bfc062723c751e8b465ee728b)
Start importing Assets using Guid(00000000000000001000000000000000) Importer(815301076,1909f56bfc062723c751e8b465ee728b)  -> (artifact id: '025e4f587c23674256bb898581e82961') in 0.013592 seconds
  Import took 0.019467 seconds .

========================================================================
Received Prepare
Registering precompiled user dll's ...
Registered in 0.003299 seconds.
Begin MonoManager ReloadAssembly
Native extension for WindowsStandalone target not found
Refreshing native plugins compatible for Editor in 0.56 ms, found 3 plugins.
Preloading 0 native plugins for Editor in 0.00 ms.
Mono: successfully reloaded assembly
- Completed reload, in  1.435 seconds
Platform modules already initialized, skipping
Refreshing native plugins compatible for Editor in 0.53 ms, found 3 plugins.
Preloading 0 native plugins for Editor in 0.00 ms.
Unloading 1419 Unused Serialized files (Serialized files now loaded: 0)
System memory in use before: 74.0 MB.
System memory in use after: 74.1 MB.

Unloading 7 unused Assets to reduce memory usage. Loaded Objects now: 1960.
Total: 2.908800 ms (FindLiveObjects: 0.222100 ms CreateObjectMapping: 0.089300 ms MarkObjects: 2.570800 ms  DeleteObjects: 0.025400 ms)

========================================================================
Received Import Request.
  Time since last request: 72.583478 seconds.
  path: Assets/Texture
  artifactKey: Guid(361e77a22f8a38d43913f4646f82635b) Importer(815301076,1909f56bfc062723c751e8b465ee728b)
Start importing Assets/Texture using Guid(361e77a22f8a38d43913f4646f82635b) Importer(815301076,1909f56bfc062723c751e8b465ee728b)  -> (artifact id: 'e8008cc7e7911d4092229be5c0361878') in 0.009386 seconds
  Import took 0.014267 seconds .

========================================================================
Received Import Request.
  Time since last request: 0.047495 seconds.
  path: Assets/Texture/2k_jupiter.jpg
  artifactKey: Guid(54aaecba7c495c9499bfe8d1300274fe) Importer(815301076,1909f56bfc062723c751e8b465ee728b)
Start importing Assets/Texture/2k_jupiter.jpg using Guid(54aaecba7c495c9499bfe8d1300274fe) Importer(815301076,1909f56bfc062723c751e8b465ee728b)  -> (artifact id: '7ec907e1f67d2b8a354bf825bf63ae2e') in 0.088335 seconds
  Import took 0.092217 seconds .

========================================================================
Received Import Request.
  Time since last request: 0.000312 seconds.
  path: Assets/Texture/2k_mercury.jpg
  artifactKey: Guid(b82891546c2e4c24095ce204e96f2df3) Importer(815301076,1909f56bfc062723c751e8b465ee728b)
Start importing Assets/Texture/2k_mercury.jpg using Guid(b82891546c2e4c24095ce204e96f2df3) Importer(815301076,1909f56bfc062723c751e8b465ee728b)  -> (artifact id: 'd7f944c676299d73666da3259552cba5') in 0.016148 seconds
  Import took 0.020241 seconds .

========================================================================
Received Import Request.
  Time since last request: 0.000305 seconds.
  path: Assets/Texture/2k_mars.jpg
  artifactKey: Guid(11a5ba1b69246e240aa0e92c7a0a7760) Importer(815301076,1909f56bfc062723c751e8b465ee728b)
Start importing Assets/Texture/2k_mars.jpg using Guid(11a5ba1b69246e240aa0e92c7a0a7760) Importer(815301076,1909f56bfc062723c751e8b465ee728b)  -> (artifact id: 'f4e63349005b17c934d60bb8d636ac9b') in 0.021477 seconds
  Import took 0.025544 seconds .

========================================================================
Received Import Request.
  Time since last request: 0.000276 seconds.
  path: Assets/Texture/2k_saturn.jpg
  artifactKey: Guid(89a9162421e8b6c48bcf853d032012fd) Importer(815301076,1909f56bfc062723c751e8b465ee728b)
Start importing Assets/Texture/2k_saturn.jpg using Guid(89a9162421e8b6c48bcf853d032012fd) Importer(815301076,1909f56bfc062723c751e8b465ee728b)  -> (artifact id: 'bc7bb99b4bb3040f0cc62d2b6c440d28') in 0.011009 seconds
  Import took 0.015173 seconds .

========================================================================
Received Import Request.
  Time since last request: 0.000308 seconds.
  path: Assets/Texture/sky-box-back.png
  artifactKey: Guid(a6e17d98c1aa5b245b603792eae084eb) Importer(815301076,1909f56bfc062723c751e8b465ee728b)
Start importing Assets/Texture/sky-box-back.png using Guid(a6e17d98c1aa5b245b603792eae084eb) Importer(815301076,1909f56bfc062723c751e8b465ee728b)  -> (artifact id: '5d794d9419021fd862663d7ba7e76332') in 0.031711 seconds
  Import took 0.037602 seconds .

========================================================================
Received Import Request.
  Time since last request: 0.000297 seconds.
  path: Assets/Texture/SKYB.mat
  artifactKey: Guid(51ad53d0fdc692142b3b6794b77d2a51) Importer(815301076,1909f56bfc062723c751e8b465ee728b)
Start importing Assets/Texture/SKYB.mat using Guid(51ad53d0fdc692142b3b6794b77d2a51) Importer(815301076,1909f56bfc062723c751e8b465ee728b)  -> (artifact id: '031fc63cd6694939cc7a3b144eacf6dd') in 0.097704 seconds
  Import took 0.102432 seconds .

========================================================================
Received Import Request.
  Time since last request: 0.000229 seconds.
  path: Assets/Texture/earth.jpg
  artifactKey: Guid(40214045c3d401447aaf2868508da88b) Importer(815301076,1909f56bfc062723c751e8b465ee728b)
Start importing Assets/Texture/earth.jpg using Guid(40214045c3d401447aaf2868508da88b) Importer(815301076,1909f56bfc062723c751e8b465ee728b)  -> (artifact id: '2eee80c1efc79d88ff08b5a8ef4c568f') in 0.020885 seconds
  Import took 0.025580 seconds .

========================================================================
Received Import Request.
  Time since last request: 0.000261 seconds.
  path: Assets/Texture/2k_uranus.jpg
  artifactKey: Guid(e94265717641f20498a547aa113edc5c) Importer(815301076,1909f56bfc062723c751e8b465ee728b)
Start importing Assets/Texture/2k_uranus.jpg using Guid(e94265717641f20498a547aa113edc5c) Importer(815301076,1909f56bfc062723c751e8b465ee728b)  -> (artifact id: '190d3bf8234aeec593bca6e7c6327a3d') in 0.022317 seconds
  Import took 0.028149 seconds .

========================================================================
Received Import Request.
  Time since last request: 0.000381 seconds.
  path: Assets/Texture/sky-box-front.png
  artifactKey: Guid(a34e9228274a53743b246eccad7607b1) Importer(815301076,1909f56bfc062723c751e8b465ee728b)
Start importing Assets/Texture/sky-box-front.png using Guid(a34e9228274a53743b246eccad7607b1) Importer(815301076,1909f56bfc062723c751e8b465ee728b)  -> (artifact id: '178a3d2cf01a35d7f000e88d3bba9cad') in 0.030081 seconds
  Import took 0.035925 seconds .

========================================================================
Received Import Request.
  Time since last request: 0.000308 seconds.
  path: Assets/Texture/2k_moon.jpg
  artifactKey: Guid(537f25262fb21824d8b8e9ca197fd08f) Importer(815301076,1909f56bfc062723c751e8b465ee728b)
Start importing Assets/Texture/2k_moon.jpg using Guid(537f25262fb21824d8b8e9ca197fd08f) Importer(815301076,1909f56bfc062723c751e8b465ee728b)  -> (artifact id: '744ffe5f601d042af68c2adf2452cf6d') in 0.024519 seconds
  Import took 0.029135 seconds .

========================================================================
Received Import Request.
  Time since last request: 0.000264 seconds.
  path: Assets/Texture/2k_venus_surface.jpg
  artifactKey: Guid(246a1a954025dfd4d819e80deeaeee3f) Importer(815301076,1909f56bfc062723c751e8b465ee728b)
Start importing Assets/Texture/2k_venus_surface.jpg using Guid(246a1a954025dfd4d819e80deeaeee3f) Importer(815301076,1909f56bfc062723c751e8b465ee728b)  -> (artifact id: '6780f2d5191911bc559d69f529a8087a') in 0.021108 seconds
  Import took 0.027402 seconds .

========================================================================
Received Import Request.
  Time since last request: 0.000328 seconds.
  path: Assets/Texture/imgpsh_fullsize_anim.png
  artifactKey: Guid(c32e883c20768c74eb6fb3178ce3f8d9) Importer(815301076,1909f56bfc062723c751e8b465ee728b)
Start importing Assets/Texture/imgpsh_fullsize_anim.png using Guid(c32e883c20768c74eb6fb3178ce3f8d9) Importer(815301076,1909f56bfc062723c751e8b465ee728b)  -> (artifact id: '770ec28bed117ed7ff77e89d87a6cb43') in 0.017914 seconds
  Import took 0.021771 seconds .

========================================================================
Received Import Request.
  Time since last request: 0.000263 seconds.
  path: Assets/Texture/sky-box-right.png
  artifactKey: Guid(ffdb7c1ff3c00ff4b944347d396b97d5) Importer(815301076,1909f56bfc062723c751e8b465ee728b)
Start importing Assets/Texture/sky-box-right.png using Guid(ffdb7c1ff3c00ff4b944347d396b97d5) Importer(815301076,1909f56bfc062723c751e8b465ee728b)  -> (artifact id: 'd49c011061ab91b29799dd2bfbf6e42d') in 0.026385 seconds
  Import took 0.031422 seconds .

========================================================================
Received Import Request.
  Time since last request: 0.000304 seconds.
  path: Assets/Texture/sky-box-bottom.png
  artifactKey: Guid(010b15f716b3a2242b377c45e4006f3f) Importer(815301076,1909f56bfc062723c751e8b465ee728b)
Start importing Assets/Texture/sky-box-bottom.png using Guid(010b15f716b3a2242b377c45e4006f3f) Importer(815301076,1909f56bfc062723c751e8b465ee728b)  -> (artifact id: '4ba6c20edeedaa72843ca77bce6ddb24') in 0.030357 seconds
  Import took 0.035863 seconds .

========================================================================
Received Import Request.
  Time since last request: 0.000487 seconds.
  path: Assets/Texture/sun.jpg
  artifactKey: Guid(ee01b462c98d0294a8c5949c6100c42f) Importer(815301076,1909f56bfc062723c751e8b465ee728b)
Start importing Assets/Texture/sun.jpg using Guid(ee01b462c98d0294a8c5949c6100c42f) Importer(815301076,1909f56bfc062723c751e8b465ee728b)  -> (artifact id: '671222dc4e66a0c0426b79dc97b87c07') in 0.020097 seconds
  Import took 0.026996 seconds .

========================================================================
Received Import Request.
  Time since last request: 0.000343 seconds.
  path: Assets/Texture/slybox2.mat
  artifactKey: Guid(3bb2893840358f24dbc88a4604d347c3) Importer(815301076,1909f56bfc062723c751e8b465ee728b)
Start importing Assets/Texture/slybox2.mat using Guid(3bb2893840358f24dbc88a4604d347c3) Importer(815301076,1909f56bfc062723c751e8b465ee728b)  -> (artifact id: '181bc564089cd7b82bfac14be55b09f7') in 0.060971 seconds
  Import took 0.066604 seconds .

========================================================================
Received Import Request.
  Time since last request: 0.000298 seconds.
  path: Assets/Texture/sky-box-top.png
  artifactKey: Guid(5db18d1b86728ed45b9d8bb12a713104) Importer(815301076,1909f56bfc062723c751e8b465ee728b)
Start importing Assets/Texture/sky-box-top.png using Guid(5db18d1b86728ed45b9d8bb12a713104) Importer(815301076,1909f56bfc062723c751e8b465ee728b)  -> (artifact id: '7ad51ebfa32da08e8e3f42d6953396b6') in 0.025988 seconds
  Import took 0.031657 seconds .

========================================================================
Received Import Request.
  Time since last request: 0.000343 seconds.
  path: Assets/Texture/sky-box-left.png
  artifactKey: Guid(eeed9adda3771144dbab953e5575666f) Importer(815301076,1909f56bfc062723c751e8b465ee728b)
Start importing Assets/Texture/sky-box-left.png using Guid(eeed9adda3771144dbab953e5575666f) Importer(815301076,1909f56bfc062723c751e8b465ee728b)  -> (artifact id: '59181376b28aab31ffd3ab478d1681d5') in 0.021817 seconds
  Import took 0.026779 seconds .

========================================================================
Received Import Request.
  Time since last request: 0.000805 seconds.
  path: Assets/Texture/2k_neptune.jpg
  artifactKey: Guid(d72d21722be1857409e64d3953f90d39) Importer(815301076,1909f56bfc062723c751e8b465ee728b)
Start importing Assets/Texture/2k_neptune.jpg using Guid(d72d21722be1857409e64d3953f90d39) Importer(815301076,1909f56bfc062723c751e8b465ee728b)  -> (artifact id: 'b5d047a2211d52f718fcbf8fa6230012') in 0.016393 seconds
  Import took 0.020654 seconds .

========================================================================
Received Import Request.
  Time since last request: 3.838176 seconds.
  path: Assets/Texture/Materials
  artifactKey: Guid(ff6a7ed35d4524f4297ca88d64cef089) Importer(815301076,1909f56bfc062723c751e8b465ee728b)
Start importing Assets/Texture/Materials using Guid(ff6a7ed35d4524f4297ca88d64cef089) Importer(815301076,1909f56bfc062723c751e8b465ee728b)  -> (artifact id: 'a0f25a1b22c074ef0a3ae21836dafe52') in 0.013004 seconds
  Import took 0.017873 seconds .

========================================================================
Received Import Request.
  Time since last request: 0.067829 seconds.
  path: Assets/Texture/Materials/2k_jupiter.mat
  artifactKey: Guid(efa8af3588223104cbd6b8204884f9fd) Importer(815301076,1909f56bfc062723c751e8b465ee728b)
Start importing Assets/Texture/Materials/2k_jupiter.mat using Guid(efa8af3588223104cbd6b8204884f9fd) Importer(815301076,1909f56bfc062723c751e8b465ee728b)  -> (artifact id: 'e4952c4752316170643dc31d44e0c1d9') in 0.148086 seconds
  Import took 0.152211 seconds .

========================================================================
Received Import Request.
  Time since last request: 0.000332 seconds.
  path: Assets/Texture/Materials/2k_mercury.mat
  artifactKey: Guid(bb1f6c843c33fa84b9e12ad4af6e8745) Importer(815301076,1909f56bfc062723c751e8b465ee728b)
Start importing Assets/Texture/Materials/2k_mercury.mat using Guid(bb1f6c843c33fa84b9e12ad4af6e8745) Importer(815301076,1909f56bfc062723c751e8b465ee728b)  -> (artifact id: '50df36671756a75d2445f06f3f5dc9c7') in 0.022645 seconds
  Import took 0.026735 seconds .

========================================================================
Received Import Request.
  Time since last request: 0.000256 seconds.
  path: Assets/Texture/Materials/sun.mat
  artifactKey: Guid(9a4cf35d2b902614fb9baad0b72310af) Importer(815301076,1909f56bfc062723c751e8b465ee728b)
Start importing Assets/Texture/Materials/sun.mat using Guid(9a4cf35d2b902614fb9baad0b72310af) Importer(815301076,1909f56bfc062723c751e8b465ee728b)  -> (artifact id: '9e03c8f9d2b66ffa117e5ad2dbacd374') in 0.027490 seconds
  Import took 0.032824 seconds .

========================================================================
Received Import Request.
  Time since last request: 0.000312 seconds.
  path: Assets/Texture/Materials/earth.mat
  artifactKey: Guid(c7a26fb8c9263d84a836b9cb92a2dda7) Importer(815301076,1909f56bfc062723c751e8b465ee728b)
Start importing Assets/Texture/Materials/earth.mat using Guid(c7a26fb8c9263d84a836b9cb92a2dda7) Importer(815301076,1909f56bfc062723c751e8b465ee728b)  -> (artifact id: '4a65d982db0d04f02cd8dbebe0c4204c') in 0.026126 seconds
  Import took 0.030591 seconds .

========================================================================
Received Import Request.
  Time since last request: 0.000291 seconds.
  path: Assets/Texture/Materials/2k_mars.mat
  artifactKey: Guid(dcb218af696fd3740bf066e80f8d8137) Importer(815301076,1909f56bfc062723c751e8b465ee728b)
Start importing Assets/Texture/Materials/2k_mars.mat using Guid(dcb218af696fd3740bf066e80f8d8137) Importer(815301076,1909f56bfc062723c751e8b465ee728b)  -> (artifact id: '7d085cbe8c2e6a55ca124fe02a253543') in 0.029609 seconds
  Import took 0.033932 seconds .

========================================================================
Received Import Request.
  Time since last request: 0.000260 seconds.
  path: Assets/Texture/Materials/New Material.mat
  artifactKey: Guid(6d13f09db5234334895a8336227b7d32) Importer(815301076,1909f56bfc062723c751e8b465ee728b)
Start importing Assets/Texture/Materials/New Material.mat using Guid(6d13f09db5234334895a8336227b7d32) Importer(815301076,1909f56bfc062723c751e8b465ee728b)  -> (artifact id: 'e504588dd6ad1d152e16c7671f86e30f') in 0.152491 seconds
  Import took 0.156485 seconds .

========================================================================
Received Import Request.
  Time since last request: 0.000344 seconds.
  path: Assets/Texture/Materials/2k_uranus.mat
  artifactKey: Guid(9ebc966f138822f47b892e9b9633ffc4) Importer(815301076,1909f56bfc062723c751e8b465ee728b)
Start importing Assets/Texture/Materials/2k_uranus.mat using Guid(9ebc966f138822f47b892e9b9633ffc4) Importer(815301076,1909f56bfc062723c751e8b465ee728b)  -> (artifact id: 'a8240f8b6cbda77ba4f918b836f0a792') in 0.023353 seconds
  Import took 0.027617 seconds .

========================================================================
Received Import Request.
  Time since last request: 0.000348 seconds.
  path: Assets/Texture/Materials/2k_neptune.mat
  artifactKey: Guid(9c468fd6a28815442ac9ebeb748354cb) Importer(815301076,1909f56bfc062723c751e8b465ee728b)
Start importing Assets/Texture/Materials/2k_neptune.mat using Guid(9c468fd6a28815442ac9ebeb748354cb) Importer(815301076,1909f56bfc062723c751e8b465ee728b)  -> (artifact id: '610b1fb9d15ddfa7baebf135be38487f') in 0.029104 seconds
  Import took 0.035366 seconds .

========================================================================
Received Import Request.
  Time since last request: 0.000321 seconds.
  path: Assets/Texture/Materials/2k_saturn.mat
  artifactKey: Guid(c87277be6ba67ad469a642b18df0c581) Importer(815301076,1909f56bfc062723c751e8b465ee728b)
Start importing Assets/Texture/Materials/2k_saturn.mat using Guid(c87277be6ba67ad469a642b18df0c581) Importer(815301076,1909f56bfc062723c751e8b465ee728b)  -> (artifact id: '4e3deb9a5da540ae8497630e1f22572e') in 0.038018 seconds
  Import took 0.043991 seconds .

========================================================================
Received Import Request.
  Time since last request: 0.000585 seconds.
  path: Assets/Texture/Materials/2k_venus_surface.mat
  artifactKey: Guid(e32a551690f6a274c969c44b697d2176) Importer(815301076,1909f56bfc062723c751e8b465ee728b)
Start importing Assets/Texture/Materials/2k_venus_surface.mat using Guid(e32a551690f6a274c969c44b697d2176) Importer(815301076,1909f56bfc062723c751e8b465ee728b)  -> (artifact id: '832e49f337c232b84a489e003439556e') in 0.026566 seconds
  Import took 0.031268 seconds .

========================================================================
Received Import Request.
  Time since last request: 0.000511 seconds.
  path: Assets/Texture/Materials/imgpsh_fullsize_anim.mat
  artifactKey: Guid(76b871b096474154badbe933d81afb30) Importer(815301076,1909f56bfc062723c751e8b465ee728b)
Start importing Assets/Texture/Materials/imgpsh_fullsize_anim.mat using Guid(76b871b096474154badbe933d81afb30) Importer(815301076,1909f56bfc062723c751e8b465ee728b)  -> (artifact id: '7e9d0a56a7be2251efd87b4a6f71ec1e') in 0.025731 seconds
  Import took 0.031200 seconds .

========================================================================
Received Import Request.
  Time since last request: 1.458284 seconds.
  path: Assets/Texture/skybox
  artifactKey: Guid(0072e6b22c7c1ea4f9fbc80eef6ab8ab) Importer(815301076,1909f56bfc062723c751e8b465ee728b)
Start importing Assets/Texture/skybox using Guid(0072e6b22c7c1ea4f9fbc80eef6ab8ab) Importer(815301076,1909f56bfc062723c751e8b465ee728b)  -> (artifact id: '7d24ec38779590ff331b3b63eabc0e6c') in 0.012080 seconds
  Import took 0.016613 seconds .

========================================================================
Received Import Request.
  Time since last request: 0.051929 seconds.
  path: Assets/Texture/skybox/sky box 1.jpg
  artifactKey: Guid(18ecf590172069d44924a9618ec173f1) Importer(815301076,1909f56bfc062723c751e8b465ee728b)
Start importing Assets/Texture/skybox/sky box 1.jpg using Guid(18ecf590172069d44924a9618ec173f1) Importer(815301076,1909f56bfc062723c751e8b465ee728b)  -> (artifact id: '44a99dea961238e35841b6dde4b98134') in 0.018005 seconds
  Import took 0.022335 seconds .

========================================================================
Received Import Request.
  Time since last request: 0.000327 seconds.
  path: Assets/Texture/skybox/sky-box-bottom.png
  artifactKey: Guid(c6b1a27065696874fb6caf0e3c943c0d) Importer(815301076,1909f56bfc062723c751e8b465ee728b)
Start importing Assets/Texture/skybox/sky-box-bottom.png using Guid(c6b1a27065696874fb6caf0e3c943c0d) Importer(815301076,1909f56bfc062723c751e8b465ee728b)  -> (artifact id: '39d92368f5f81383cdfff5fdfb266729') in 0.021892 seconds
  Import took 0.025709 seconds .

========================================================================
Received Import Request.
  Time since last request: 0.000332 seconds.
  path: Assets/Texture/skybox/sky-box-right.png
  artifactKey: Guid(602f9afef2cc79840a655cba8e74591a) Importer(815301076,1909f56bfc062723c751e8b465ee728b)
Start importing Assets/Texture/skybox/sky-box-right.png using Guid(602f9afef2cc79840a655cba8e74591a) Importer(815301076,1909f56bfc062723c751e8b465ee728b)  -> (artifact id: '5192cb05e5251a491176ade94a67a341') in 0.022628 seconds
  Import took 0.027466 seconds .

========================================================================
Received Import Request.
  Time since last request: 0.000494 seconds.
  path: Assets/Texture/skybox/sky-box-left.png
  artifactKey: Guid(0f335178f53d2104092bed95d8872e83) Importer(815301076,1909f56bfc062723c751e8b465ee728b)
Start importing Assets/Texture/skybox/sky-box-left.png using Guid(0f335178f53d2104092bed95d8872e83) Importer(815301076,1909f56bfc062723c751e8b465ee728b)  -> (artifact id: 'afa6e782e6fa3ecb87b0c1c2bd3e2dac') in 0.021728 seconds
  Import took 0.027018 seconds .

========================================================================
Received Import Request.
  Time since last request: 0.000284 seconds.
  path: Assets/Texture/skybox/sky-box-top.png
  artifactKey: Guid(698230b3aba0e424cb92f591df623480) Importer(815301076,1909f56bfc062723c751e8b465ee728b)
Start importing Assets/Texture/skybox/sky-box-top.png using Guid(698230b3aba0e424cb92f591df623480) Importer(815301076,1909f56bfc062723c751e8b465ee728b)  -> (artifact id: 'bb27890314acb0fa60acebd923e95649') in 0.024283 seconds
  Import took 0.028691 seconds .

========================================================================
Received Import Request.
  Time since last request: 0.000269 seconds.
  path: Assets/Texture/skybox/sky-box-front.png
  artifactKey: Guid(96514579c82ab9c4ab331639df8d6808) Importer(815301076,1909f56bfc062723c751e8b465ee728b)
Start importing Assets/Texture/skybox/sky-box-front.png using Guid(96514579c82ab9c4ab331639df8d6808) Importer(815301076,1909f56bfc062723c751e8b465ee728b)  -> (artifact id: 'fa280fe644e2ce74fdcb11075fc384aa') in 0.020204 seconds
  Import took 0.025334 seconds .

========================================================================
Received Import Request.
  Time since last request: 0.000257 seconds.
  path: Assets/Texture/skybox/sky-box-back.png
  artifactKey: Guid(2c97f7823844baa4a972e3f158e7fef4) Importer(815301076,1909f56bfc062723c751e8b465ee728b)
Start importing Assets/Texture/skybox/sky-box-back.png using Guid(2c97f7823844baa4a972e3f158e7fef4) Importer(815301076,1909f56bfc062723c751e8b465ee728b)  -> (artifact id: '03e61bea257eaa3990533a7397a17b30') in 0.022819 seconds
  Import took 0.029042 seconds .

========================================================================
Received Import Request.
  Time since last request: 5.591640 seconds.
  path: Assets/prefab
  artifactKey: Guid(04136ee6525939244aa08b2d372228e9) Importer(815301076,1909f56bfc062723c751e8b465ee728b)
Start importing Assets/prefab using Guid(04136ee6525939244aa08b2d372228e9) Importer(815301076,1909f56bfc062723c751e8b465ee728b)  -> (artifact id: '76a8008617010a5bc1faa80c0cc1b927') in 0.013220 seconds
  Import took 0.018192 seconds .

========================================================================
Received Import Request.
  Time since last request: 0.057481 seconds.
  path: Assets/prefab/earth.prefab
  artifactKey: Guid(7637846897f45de45b9495b6855ec608) Importer(815301076,1909f56bfc062723c751e8b465ee728b)
Start importing Assets/prefab/earth.prefab using Guid(7637846897f45de45b9495b6855ec608) Importer(815301076,1909f56bfc062723c751e8b465ee728b)  -> (artifact id: 'f385ca80d4a6e44576f0e165043b3a35') in 0.200617 seconds
  Import took 0.204326 seconds .

========================================================================
Received Import Request.
  Time since last request: 0.000311 seconds.
  path: Assets/prefab/uranus.prefab
  artifactKey: Guid(63b8b17eb1ff0fe4bb465c821b231a50) Importer(815301076,1909f56bfc062723c751e8b465ee728b)
Start importing Assets/prefab/uranus.prefab using Guid(63b8b17eb1ff0fe4bb465c821b231a50) Importer(815301076,1909f56bfc062723c751e8b465ee728b)  -> (artifact id: 'f40ace72cec1ecb05507a3000cb5ef42') in 0.024151 seconds
  Import took 0.028342 seconds .

========================================================================
Received Import Request.
  Time since last request: 0.000358 seconds.
  path: Assets/prefab/mars.prefab
  artifactKey: Guid(21a54156ea3f26645b0e4ac05c6dfa81) Importer(815301076,1909f56bfc062723c751e8b465ee728b)
Start importing Assets/prefab/mars.prefab using Guid(21a54156ea3f26645b0e4ac05c6dfa81) Importer(815301076,1909f56bfc062723c751e8b465ee728b)  -> (artifact id: '73ecc2cd8c555008398d2f2baff650d9') in 0.032565 seconds
  Import took 0.038965 seconds .

========================================================================
Received Import Request.
  Time since last request: 0.000686 seconds.
  path: Assets/prefab/venus.prefab
  artifactKey: Guid(5c54a7acde73928459eb2c60dba5b974) Importer(815301076,1909f56bfc062723c751e8b465ee728b)
Start importing Assets/prefab/venus.prefab using Guid(5c54a7acde73928459eb2c60dba5b974) Importer(815301076,1909f56bfc062723c751e8b465ee728b)  -> (artifact id: 'aede828cea83bf05373e5a299b7e666b') in 0.054453 seconds
  Import took 0.059199 seconds .

========================================================================
Received Import Request.
  Time since last request: 0.000266 seconds.
  path: Assets/prefab/jupiter.prefab
  artifactKey: Guid(d3025663543159b4491dcc467f249792) Importer(815301076,1909f56bfc062723c751e8b465ee728b)
Start importing Assets/prefab/jupiter.prefab using Guid(d3025663543159b4491dcc467f249792) Importer(815301076,1909f56bfc062723c751e8b465ee728b)  -> (artifact id: '5836ee589e6584279c5e11836b1ea64d') in 0.022773 seconds
  Import took 0.026347 seconds .

========================================================================
Received Import Request.
  Time since last request: 0.000304 seconds.
  path: Assets/prefab/neptine.prefab
  artifactKey: Guid(83a3dc7fa75d2a44ab7b22c2a10530c0) Importer(815301076,1909f56bfc062723c751e8b465ee728b)
Start importing Assets/prefab/neptine.prefab using Guid(83a3dc7fa75d2a44ab7b22c2a10530c0) Importer(815301076,1909f56bfc062723c751e8b465ee728b)  -> (artifact id: 'e250b685a1d3c22215c59962a83ecf2b') in 0.026857 seconds
  Import took 0.032553 seconds .

========================================================================
Received Import Request.
  Time since last request: 0.000318 seconds.
  path: Assets/prefab/saturn.prefab
  artifactKey: Guid(db9797289118257418952bbe7458bbf9) Importer(815301076,1909f56bfc062723c751e8b465ee728b)
Start importing Assets/prefab/saturn.prefab using Guid(db9797289118257418952bbe7458bbf9) Importer(815301076,1909f56bfc062723c751e8b465ee728b)  -> (artifact id: '9463d8c29f7db46bf79d70c19298490c') in 0.027686 seconds
  Import took 0.035764 seconds .

========================================================================
Received Import Request.
  Time since last request: 0.000101 seconds.
  path: Assets/prefab/mercury.prefab
  artifactKey: Guid(d7c7159678255bc4fae47ab97fbb2e02) Importer(815301076,1909f56bfc062723c751e8b465ee728b)
Start importing Assets/prefab/mercury.prefab using Guid(d7c7159678255bc4fae47ab97fbb2e02) Importer(815301076,1909f56bfc062723c751e8b465ee728b)  -> (artifact id: '808b330ed656d00d63e4260ca15673ff') in 0.021390 seconds
  Import took 0.026375 seconds .

========================================================================
Received Import Request.
  Time since last request: 9.759707 seconds.
  path: Assets/prefab/mercury.prefab
  artifactKey: Guid(d7c7159678255bc4fae47ab97fbb2e02) Importer(815301076,1909f56bfc062723c751e8b465ee728b)
Start importing Assets/prefab/mercury.prefab using Guid(d7c7159678255bc4fae47ab97fbb2e02) Importer(815301076,1909f56bfc062723c751e8b465ee728b)  -> (artifact id: '42d18e5d19f6c5c8b75a30c5774313d8') in 0.031615 seconds
  Import took 0.037925 seconds .

AssetImportWorkerClient::OnTransportError - code=2 error=End of file
